# JRE version: OpenJDK Runtime Environment (8.0_202-b03) (build 1.8.0_202-release-1483-b03)
# Java VM: OpenJDK 64-Bit Server VM (25.202-b03 mixed mode windows-amd64 compressed oops)
Heap:
 PSYoungGen      total 106496K, used 53333K [0x00000000e0000000, 0x00000000e9b00000, 0x0000000100000000)
  eden space 93696K, 43% used [0x00000000e0000000,0x00000000e2797008,0x00000000e5b80000)
  from space 12800K, 99% used [0x00000000e5b80000,0x00000000e67fe470,0x00000000e6800000)
  to   space 14848K, 0% used [0x00000000e8c80000,0x00000000e8c80000,0x00000000e9b00000)
 ParOldGen       total 179200K, used 19618K [0x00000000a0000000, 0x00000000aaf00000, 0x00000000e0000000)
  object space 179200K, 10% used [0x00000000a0000000,0x00000000a1328820,0x00000000aaf00000)
 Metaspace       used 47795K, capacity 49086K, committed 49240K, reserved 1091584K
  class space    used 6449K, capacity 6770K, committed 6784K, reserved 1048576K
GC Heap History (10 events):
Event: 3.962 GC heap before
{Heap before GC invocations=5 (full 1):
 PSYoungGen      total 76288K, used 65536K [0x00000000e0000000, 0x00000000e5500000, 0x0000000100000000)
  eden space 65536K, 100% used [0x00000000e0000000,0x00000000e4000000,0x00000000e4000000)
  from space 10752K, 0% used [0x00000000e4000000,0x00000000e4000000,0x00000000e4a80000)
  to   space 10752K, 0% used [0x00000000e4a80000,0x00000000e4a80000,0x00000000e5500000)
 ParOldGen       total 111616K, used 11045K [0x00000000a0000000, 0x00000000a6d00000, 0x00000000e0000000)
  object space 111616K, 9% used [0x00000000a0000000,0x00000000a0ac9488,0x00000000a6d00000)
 Metaspace       used 28593K, capacity 29116K, committed 29440K, reserved 1075200K
  class space    used 3859K, capacity 4015K, committed 4096K, reserved 1048576K
Event: 3.966 GC heap after
Heap after GC invocations=5 (full 1):
 PSYoungGen      total 76288K, used 7832K [0x00000000e0000000, 0x00000000e7200000, 0x0000000100000000)
  eden space 65536K, 0% used [0x00000000e0000000,0x00000000e0000000,0x00000000e4000000)
  from space 10752K, 72% used [0x00000000e4a80000,0x00000000e52261f0,0x00000000e5500000)
  to   space 10752K, 0% used [0x00000000e4000000,0x00000000e4000000,0x00000000e4a80000)
 ParOldGen       total 111616K, used 11053K [0x00000000a0000000, 0x00000000a6d00000, 0x00000000e0000000)
  object space 111616K, 9% used [0x00000000a0000000,0x00000000a0acb488,0x00000000a6d00000)
 Metaspace       used 28593K, capacity 29116K, committed 29440K, reserved 1075200K
  class space    used 3859K, capacity 4015K, committed 4096K, reserved 1048576K
}
Event: 4.458 GC heap before
{Heap before GC invocations=6 (full 1):
 PSYoungGen      total 76288K, used 73368K [0x00000000e0000000, 0x00000000e7200000, 0x0000000100000000)
  eden space 65536K, 100% used [0x00000000e0000000,0x00000000e4000000,0x00000000e4000000)
  from space 10752K, 72% used [0x00000000e4a80000,0x00000000e52261f0,0x00000000e5500000)
  to   space 10752K, 0% used [0x00000000e4000000,0x00000000e4000000,0x00000000e4a80000)
 ParOldGen       total 111616K, used 11053K [0x00000000a0000000, 0x00000000a6d00000, 0x00000000e0000000)
  object space 111616K, 9% used [0x00000000a0000000,0x00000000a0acb488,0x00000000a6d00000)
 Metaspace       used 31938K, capacity 32500K, committed 32768K, reserved 1077248K
  class space    used 4396K, capacity 4567K, committed 4608K, reserved 1048576K
Event: 4.463 GC heap after
Heap after GC invocations=6 (full 1):
 PSYoungGen      total 76288K, used 8793K [0x00000000e0000000, 0x00000000e7580000, 0x0000000100000000)
  eden space 65536K, 0% used [0x00000000e0000000,0x00000000e0000000,0x00000000e4000000)
  from space 10752K, 81% used [0x00000000e4000000,0x00000000e4896758,0x00000000e4a80000)
  to   space 12288K, 0% used [0x00000000e6980000,0x00000000e6980000,0x00000000e7580000)
 ParOldGen       total 111616K, used 11061K [0x00000000a0000000, 0x00000000a6d00000, 0x00000000e0000000)
  object space 111616K, 9% used [0x00000000a0000000,0x00000000a0acd488,0x00000000a6d00000)
 Metaspace       used 31938K, capacity 32500K, committed 32768K, reserved 1077248K
  class space    used 4396K, capacity 4567K, committed 4608K, reserved 1048576K
}
Event: 7.298 GC heap before
{Heap before GC invocations=7 (full 1):
 PSYoungGen      total 76288K, used 60375K [0x00000000e0000000, 0x00000000e7580000, 0x0000000100000000)
  eden space 65536K, 78% used [0x00000000e0000000,0x00000000e325f6e0,0x00000000e4000000)
  from space 10752K, 81% used [0x00000000e4000000,0x00000000e4896758,0x00000000e4a80000)
  to   space 12288K, 0% used [0x00000000e6980000,0x00000000e6980000,0x00000000e7580000)
 ParOldGen       total 111616K, used 11061K [0x00000000a0000000, 0x00000000a6d00000, 0x00000000e0000000)
  object space 111616K, 9% used [0x00000000a0000000,0x00000000a0acd488,0x00000000a6d00000)
 Metaspace       used 34527K, capacity 35300K, committed 35416K, reserved 1079296K
  class space    used 4756K, capacity 4957K, committed 4992K, reserved 1048576K
Event: 7.307 GC heap after
Heap after GC invocations=7 (full 1):
 PSYoungGen      total 104448K, used 11020K [0x00000000e0000000, 0x00000000e7480000, 0x0000000100000000)
  eden space 93184K, 0% used [0x00000000e0000000,0x00000000e0000000,0x00000000e5b00000)
  from space 11264K, 97% used [0x00000000e6980000,0x00000000e74430f0,0x00000000e7480000)
  to   space 12800K, 0% used [0x00000000e5b80000,0x00000000e5b80000,0x00000000e6800000)
 ParOldGen       total 111616K, used 11069K [0x00000000a0000000, 0x00000000a6d00000, 0x00000000e0000000)
  object space 111616K, 9% used [0x00000000a0000000,0x00000000a0acf488,0x00000000a6d00000)
 Metaspace       used 34527K, capacity 35300K, committed 35416K, reserved 1079296K
  class space    used 4756K, capacity 4957K, committed 4992K, reserved 1048576K
}
Event: 7.307 GC heap before
{Heap before GC invocations=8 (full 2):
 PSYoungGen      total 104448K, used 11020K [0x00000000e0000000, 0x00000000e7480000, 0x0000000100000000)
  eden space 93184K, 0% used [0x00000000e0000000,0x00000000e0000000,0x00000000e5b00000)
  from space 11264K, 97% used [0x00000000e6980000,0x00000000e74430f0,0x00000000e7480000)
  to   space 12800K, 0% used [0x00000000e5b80000,0x00000000e5b80000,0x00000000e6800000)
 ParOldGen       total 111616K, used 11069K [0x00000000a0000000, 0x00000000a6d00000, 0x00000000e0000000)
  object space 111616K, 9% used [0x00000000a0000000,0x00000000a0acf488,0x00000000a6d00000)
 Metaspace       used 34527K, capacity 35300K, committed 35416K, reserved 1079296K
  class space    used 4756K, capacity 4957K, committed 4992K, reserved 1048576K
Event: 7.352 GC heap after
Heap after GC invocations=8 (full 2):
 PSYoungGen      total 104448K, used 0K [0x00000000e0000000, 0x00000000e7480000, 0x0000000100000000)
  eden space 93184K, 0% used [0x00000000e0000000,0x00000000e0000000,0x00000000e5b00000)
  from space 11264K, 0% used [0x00000000e6980000,0x00000000e6980000,0x00000000e7480000)
  to   space 12800K, 0% used [0x00000000e5b80000,0x00000000e5b80000,0x00000000e6800000)
 ParOldGen       total 179200K, used 18318K [0x00000000a0000000, 0x00000000aaf00000, 0x00000000e0000000)
  object space 179200K, 10% used [0x00000000a0000000,0x00000000a11e3bb8,0x00000000aaf00000)
 Metaspace       used 34492K, capacity 35180K, committed 35416K, reserved 1079296K
  class space    used 4746K, capacity 4937K, committed 4992K, reserved 1048576K
}
Event: 9.776 GC heap before
{Heap before GC invocations=9 (full 2):
 PSYoungGen      total 104448K, used 93184K [0x00000000e0000000, 0x00000000e7480000, 0x0000000100000000)
  eden space 93184K, 100% used [0x00000000e0000000,0x00000000e5b00000,0x00000000e5b00000)
  from space 11264K, 0% used [0x00000000e6980000,0x00000000e6980000,0x00000000e7480000)
  to   space 12800K, 0% used [0x00000000e5b80000,0x00000000e5b80000,0x00000000e6800000)
 ParOldGen       total 179200K, used 18318K [0x00000000a0000000, 0x00000000aaf00000, 0x00000000e0000000)
  object space 179200K, 10% used [0x00000000a0000000,0x00000000a11e3bb8,0x00000000aaf00000)
 Metaspace       used 44530K, capacity 45364K, committed 45656K, reserved 1089536K
  class space    used 5992K, capacity 6218K, committed 6272K, reserved 1048576K
Event: 9.788 GC heap after
Heap after GC invocations=9 (full 2):
 PSYoungGen      total 106496K, used 12793K [0x00000000e0000000, 0x00000000e9b00000, 0x0000000100000000)
  eden space 93696K, 0% used [0x00000000e0000000,0x00000000e0000000,0x00000000e5b80000)
  from space 12800K, 99% used [0x00000000e5b80000,0x00000000e67fe470,0x00000000e6800000)
  to   space 14848K, 0% used [0x00000000e8c80000,0x00000000e8c80000,0x00000000e9b00000)
 ParOldGen       total 179200K, used 19618K [0x00000000a0000000, 0x00000000aaf00000, 0x00000000e0000000)
  object space 179200K, 10% used [0x00000000a0000000,0x00000000a1328820,0x00000000aaf00000)
 Metaspace       used 44530K, capacity 45364K, committed 45656K, reserved 1089536K
  class space    used 5992K, capacity 6218K, committed 6272K, reserved 1048576K
}

